<?xml version="1.0" encoding="UTF-8" standalone="yes"?><!DOCTYPE report PUBLIC "-//JACOCO//DTD Report 1.1//EN" "report.dtd"><report name="Assignment2"><sessioninfo id="DESKTOP-PT9NPPA-30c4b5" start="1697254929765" dump="1697254933769"/><sessioninfo id="DESKTOP-PT9NPPA-2f814a66" start="1697255135335" dump="1697255137795"/><sessioninfo id="DESKTOP-PT9NPPA-b551afa2" start="1697255138569" dump="1697255140620"/><sessioninfo id="DESKTOP-PT9NPPA-29548687" start="1697255140659" dump="1697255143830"/><sessioninfo id="DESKTOP-PT9NPPA-e91d590e" start="1697255141351" dump="1697255144236"/><sessioninfo id="DESKTOP-PT9NPPA-121c022d" start="1697255144630" dump="1697255147121"/><sessioninfo id="DESKTOP-PT9NPPA-8d233d81" start="1697255147736" dump="1697255150504"/><sessioninfo id="DESKTOP-PT9NPPA-6a25daaf" start="1697255144884" dump="1697255151283"/><sessioninfo id="DESKTOP-PT9NPPA-6abfd7c" start="1697255152076" dump="1697255155428"/><sessioninfo id="DESKTOP-PT9NPPA-a646a229" start="1697255151524" dump="1697255158856"/><sessioninfo id="DESKTOP-PT9NPPA-50a052fb" start="1697255159836" dump="1697255163436"/><sessioninfo id="DESKTOP-PT9NPPA-f73f5f65" start="1697255156244" dump="1697255164328"/><sessioninfo id="DESKTOP-PT9NPPA-be672b57" start="1697255164270" dump="1697255172347"/><sessioninfo id="DESKTOP-PT9NPPA-1d76a767" start="1698264990974" dump="1698264992639"/><sessioninfo id="DESKTOP-PT9NPPA-a832de2f" start="1698264993128" dump="1698264994559"/><sessioninfo id="DESKTOP-PT9NPPA-c549a4bd" start="1698264995008" dump="1698264996345"/><sessioninfo id="DESKTOP-PT9NPPA-c4c995c3" start="1698264996792" dump="1698264999765"/><sessioninfo id="DESKTOP-PT9NPPA-a9ae9820" start="1698265000258" dump="1698265001806"/><sessioninfo id="DESKTOP-PT9NPPA-d19f2757" start="1698265002240" dump="1698265005319"/><sessioninfo id="DESKTOP-PT9NPPA-79f69986" start="1698290102671" dump="1698290104293"/><sessioninfo id="DESKTOP-PT9NPPA-15c7866f" start="1698290104882" dump="1698290106210"/><sessioninfo id="DESKTOP-PT9NPPA-fee6a769" start="1698290106634" dump="1698290108028"/><sessioninfo id="DESKTOP-PT9NPPA-c757c7df" start="1698290108432" dump="1698290112109"/><sessioninfo id="DESKTOP-PT9NPPA-12f8614c" start="1698290112642" dump="1698290114211"/><sessioninfo id="DESKTOP-PT9NPPA-3f007f5d" start="1698290114640" dump="1698290118112"/><sessioninfo id="DESKTOP-PT9NPPA-a3932d2c" start="1698290167038" dump="1698290168801"/><sessioninfo id="DESKTOP-PT9NPPA-70bf264a" start="1698290169305" dump="1698290170637"/><sessioninfo id="DESKTOP-PT9NPPA-fd9a2bcc" start="1698290171116" dump="1698290172491"/><sessioninfo id="DESKTOP-PT9NPPA-adb95786" start="1698290172998" dump="1698290176406"/><sessioninfo id="DESKTOP-PT9NPPA-56d23785" start="1698290176932" dump="1698290178667"/><sessioninfo id="DESKTOP-PT9NPPA-2b1444f2" start="1698290179183" dump="1698290182323"/><sessioninfo id="DESKTOP-PT9NPPA-958fe5ed" start="1698630001100" dump="1698630003273"/><sessioninfo id="DESKTOP-PT9NPPA-2b733a68" start="1698630003882" dump="1698630005475"/><sessioninfo id="DESKTOP-PT9NPPA-dd1c5cd9" start="1698630005928" dump="1698630007775"/><sessioninfo id="DESKTOP-PT9NPPA-c4af7410" start="1698630008286" dump="1698630012982"/><sessioninfo id="DESKTOP-PT9NPPA-d04bafba" start="1698630013595" dump="1698630015389"/><sessioninfo id="DESKTOP-PT9NPPA-a74e672b" start="1698630015858" dump="1698630019956"/><sessioninfo id="DESKTOP-PT9NPPA-ef3e75dc" start="1698630095599" dump="1698630097447"/><sessioninfo id="DESKTOP-PT9NPPA-e61d2b66" start="1698630098078" dump="1698630099527"/><sessioninfo id="DESKTOP-PT9NPPA-80c81cb" start="1698630100002" dump="1698630101489"/><sessioninfo id="DESKTOP-PT9NPPA-19d78156" start="1698630101921" dump="1698630105124"/><sessioninfo id="DESKTOP-PT9NPPA-99d87e4b" start="1698630105735" dump="1698630107427"/><sessioninfo id="DESKTOP-PT9NPPA-f5a3541" start="1698630107950" dump="1698630111179"/><sessioninfo id="DESKTOP-PT9NPPA-f05b2d74" start="1698630236049" dump="1698630237695"/><sessioninfo id="DESKTOP-PT9NPPA-d607fb19" start="1698630238174" dump="1698630239693"/><sessioninfo id="DESKTOP-PT9NPPA-fb75f54e" start="1698630240216" dump="1698630241671"/><sessioninfo id="DESKTOP-PT9NPPA-b873f3f2" start="1698630242155" dump="1698630245714"/><sessioninfo id="DESKTOP-PT9NPPA-ef898050" start="1698630246203" dump="1698630247831"/><sessioninfo id="DESKTOP-PT9NPPA-83bd895f" start="1698630248304" dump="1698630252332"/><sessioninfo id="DESKTOP-PT9NPPA-f991c42" start="1698630271533" dump="1698630273345"/><sessioninfo id="DESKTOP-PT9NPPA-bea07d68" start="1698630273853" dump="1698630275522"/><sessioninfo id="DESKTOP-PT9NPPA-d8242a25" start="1698630276012" dump="1698630277563"/><sessioninfo id="DESKTOP-PT9NPPA-57b1a4ff" start="1698630278062" dump="1698630281309"/><sessioninfo id="DESKTOP-PT9NPPA-f135e3bd" start="1698630281849" dump="1698630283486"/><sessioninfo id="DESKTOP-PT9NPPA-19c09f29" start="1698630283928" dump="1698630287200"/><sessioninfo id="DESKTOP-PT9NPPA-9c3ccac0" start="1698630588194" dump="1698630590425"/><sessioninfo id="DESKTOP-PT9NPPA-caca6d28" start="1698630590926" dump="1698630592453"/><sessioninfo id="DESKTOP-PT9NPPA-9b7b7a5f" start="1698630592915" dump="1698630594560"/><sessioninfo id="DESKTOP-PT9NPPA-3dfa5515" start="1698630595038" dump="1698630599403"/><sessioninfo id="DESKTOP-PT9NPPA-a5bf6679" start="1698630599936" dump="1698630601733"/><sessioninfo id="DESKTOP-PT9NPPA-879e4e3a" start="1698630602256" dump="1698630606358"/><sessioninfo id="DESKTOP-PT9NPPA-1e02940d" start="1698630620909" dump="1698630622670"/><sessioninfo id="DESKTOP-PT9NPPA-c9f05e9a" start="1698630623106" dump="1698630624614"/><sessioninfo id="DESKTOP-PT9NPPA-5d86635f" start="1698630625071" dump="1698630626594"/><sessioninfo id="DESKTOP-PT9NPPA-6f4cfc4f" start="1698630627006" dump="1698630630309"/><sessioninfo id="DESKTOP-PT9NPPA-c8af4b6" start="1698630630877" dump="1698630632701"/><sessioninfo id="DESKTOP-PT9NPPA-22c169e1" start="1698630633225" dump="1698630636508"/><sessioninfo id="DESKTOP-PT9NPPA-e6a0a7ef" start="1698631161685" dump="1698631163511"/><sessioninfo id="DESKTOP-PT9NPPA-e4f232f9" start="1698631164048" dump="1698631165504"/><sessioninfo id="DESKTOP-PT9NPPA-51528da3" start="1698631165970" dump="1698631167625"/><sessioninfo id="DESKTOP-PT9NPPA-b141f47" start="1698631168235" dump="1698631171794"/><sessioninfo id="DESKTOP-PT9NPPA-989c1c5f" start="1698631172373" dump="1698631174324"/><sessioninfo id="DESKTOP-PT9NPPA-4f8578f4" start="1698631174841" dump="1698631178307"/><sessioninfo id="DESKTOP-PT9NPPA-219b8036" start="1698631352904" dump="1698631354622"/><sessioninfo id="DESKTOP-PT9NPPA-c5d4f8df" start="1698631355131" dump="1698631356630"/><sessioninfo id="DESKTOP-PT9NPPA-f3ed43b7" start="1698631357086" dump="1698631358609"/><sessioninfo id="DESKTOP-PT9NPPA-c2efd6c8" start="1698631359036" dump="1698631362894"/><sessioninfo id="DESKTOP-PT9NPPA-23084aa1" start="1698631363454" dump="1698631365490"/><sessioninfo id="DESKTOP-PT9NPPA-ae511f0c" start="1698631365981" dump="1698631369872"/><sessioninfo id="DESKTOP-PT9NPPA-4879f98" start="1698631478783" dump="1698631480563"/><sessioninfo id="DESKTOP-PT9NPPA-561f60f0" start="1698631481062" dump="1698631482548"/><sessioninfo id="DESKTOP-PT9NPPA-ae29ab40" start="1698631483059" dump="1698631484670"/><sessioninfo id="DESKTOP-PT9NPPA-c716e1d6" start="1698631485107" dump="1698631488406"/><sessioninfo id="DESKTOP-PT9NPPA-9d78a00b" start="1698631488930" dump="1698631490714"/><sessioninfo id="DESKTOP-PT9NPPA-127aab93" start="1698631491140" dump="1698631494585"/><sessioninfo id="DESKTOP-PT9NPPA-79343316" start="1698631531234" dump="1698631533091"/><sessioninfo id="DESKTOP-PT9NPPA-69502a43" start="1698631533723" dump="1698631535243"/><sessioninfo id="DESKTOP-PT9NPPA-23db4ab5" start="1698631535729" dump="1698631537412"/><sessioninfo id="DESKTOP-PT9NPPA-207631ad" start="1698631537925" dump="1698631541903"/><sessioninfo id="DESKTOP-PT9NPPA-97de7782" start="1698631542490" dump="1698631545071"/><sessioninfo id="DESKTOP-PT9NPPA-b46c64b9" start="1698631545906" dump="1698631551836"/><sessioninfo id="DESKTOP-PT9NPPA-b31091a1" start="1698631598444" dump="1698631600660"/><sessioninfo id="DESKTOP-PT9NPPA-172754c9" start="1698631601174" dump="1698631602712"/><sessioninfo id="DESKTOP-PT9NPPA-3b2feb10" start="1698631603183" dump="1698631604796"/><sessioninfo id="DESKTOP-PT9NPPA-49508a3c" start="1698631605274" dump="1698631608832"/><sessioninfo id="DESKTOP-PT9NPPA-6a700eb2" start="1698631609419" dump="1698631611370"/><sessioninfo id="DESKTOP-PT9NPPA-11e872ca" start="1698631611850" dump="1698631615817"/><sessioninfo id="DESKTOP-PT9NPPA-dc138678" start="1698631652449" dump="1698631654232"/><sessioninfo id="DESKTOP-PT9NPPA-50e6843" start="1698631654789" dump="1698631656308"/><sessioninfo id="DESKTOP-PT9NPPA-c71eb9ae" start="1698631656792" dump="1698631658374"/><sessioninfo id="DESKTOP-PT9NPPA-c0760333" start="1698631658886" dump="1698631662917"/><sessioninfo id="DESKTOP-PT9NPPA-acb24f64" start="1698631663499" dump="1698631665411"/><sessioninfo id="DESKTOP-PT9NPPA-cc085be3" start="1698631665910" dump="1698631670059"/><sessioninfo id="a-laptop-4-418c4a8c" start="1698783613324" dump="1698783614247"/><sessioninfo id="a-laptop-4-df9bb2ef" start="1698783614526" dump="1698783615315"/><sessioninfo id="a-laptop-4-f1e34aa3" start="1698783615568" dump="1698783616368"/><sessioninfo id="a-laptop-4-9a17927b" start="1698783616652" dump="1698783618809"/><sessioninfo id="a-laptop-4-9ed2e07e" start="1698783619077" dump="1698783619958"/><sessioninfo id="a-laptop-4-a905276" start="1698783620257" dump="1698783622378"/><sessioninfo id="a-laptop-4-41708536" start="1698791587458" dump="1698791588966"/><sessioninfo id="a-laptop-4-55ee82c" start="1698791589392" dump="1698791590755"/><sessioninfo id="a-laptop-4-c101dd36" start="1698791591207" dump="1698791592538"/><sessioninfo id="a-laptop-4-57908d97" start="1698791593085" dump="1698791594300"/><sessioninfo id="a-laptop-4-112c96a8" start="1698791594733" dump="1698791598248"/><sessioninfo id="a-laptop-4-6de81dba" start="1698791598745" dump="1698791600450"/><sessioninfo id="a-laptop-4-ad4ae9ee" start="1698791600988" dump="1698791604322"/><sessioninfo id="a-laptop-4-ed94256a" start="1698791775645" dump="1698791777226"/><sessioninfo id="a-laptop-4-a2ac115d" start="1698791777631" dump="1698791779001"/><sessioninfo id="a-laptop-4-a2576dcc" start="1698791779419" dump="1698791780853"/><sessioninfo id="a-laptop-4-af8480e1" start="1698791781368" dump="1698791782757"/><sessioninfo id="a-laptop-4-d882f9e8" start="1698791783271" dump="1698791786691"/><sessioninfo id="a-laptop-4-c3d9251f" start="1698791787182" dump="1698791788777"/><sessioninfo id="a-laptop-4-b634f14a" start="1698791789169" dump="1698791792481"/><sessioninfo id="a-laptop-4-5621bfd6" start="1698792231775" dump="1698792233461"/><sessioninfo id="a-laptop-4-c57d0acf" start="1698792233863" dump="1698792235340"/><sessioninfo id="a-laptop-4-a65e5ddf" start="1698792235812" dump="1698792237095"/><sessioninfo id="a-laptop-4-460bc4e0" start="1698792237677" dump="1698792241249"/><sessioninfo id="a-laptop-4-36376b83" start="1698792241688" dump="1698792245282"/><sessioninfo id="a-laptop-4-8c1f0eb2" start="1698792245751" dump="1698792247177"/><sessioninfo id="a-laptop-4-c1a9c31e" start="1698792247622" dump="1698792251320"/><sessioninfo id="a-laptop-4-95a8381f" start="1698798934053" dump="1698798935614"/><sessioninfo id="a-laptop-4-d1d7ecf4" start="1698798936040" dump="1698798937385"/><sessioninfo id="a-laptop-4-840356c9" start="1698798937908" dump="1698798939233"/><sessioninfo id="a-laptop-4-6c828960" start="1698798939719" dump="1698798940890"/><sessioninfo id="a-laptop-4-15cd2d34" start="1698798941300" dump="1698798944517"/><sessioninfo id="a-laptop-4-f26aa79f" start="1698798945035" dump="1698798946656"/><sessioninfo id="a-laptop-4-cc061f8f" start="1698798947006" dump="1698798950620"/><sessioninfo id="a-laptop-4-62cf60e2" start="1698799844477" dump="1698799846132"/><sessioninfo id="a-laptop-4-69acfb29" start="1698799846636" dump="1698799848423"/><sessioninfo id="a-laptop-4-6bf6f992" start="1698799849004" dump="1698799850334"/><sessioninfo id="a-laptop-4-67dfd181" start="1698799850834" dump="1698799854979"/><sessioninfo id="a-laptop-4-85fafd4f" start="1698799855563" dump="1698799860728"/><sessioninfo id="a-laptop-4-b3a8d067" start="1698799861200" dump="1698799862758"/><sessioninfo id="a-laptop-4-4f79199d" start="1698799863208" dump="1698799867203"/><sessioninfo id="a-laptop-4-80697997" start="1698800285396" dump="1698800287013"/><sessioninfo id="a-laptop-4-58c4df87" start="1698800287470" dump="1698800288687"/><sessioninfo id="a-laptop-4-4163979e" start="1698800289164" dump="1698800290494"/><sessioninfo id="a-laptop-4-7c1320ec" start="1698800291027" dump="1698800294525"/><sessioninfo id="a-laptop-4-fd95df74" start="1698800294915" dump="1698800298393"/><sessioninfo id="a-laptop-4-17a35bcc" start="1698800298915" dump="1698800300353"/><sessioninfo id="a-laptop-4-2889dc3d" start="1698800300746" dump="1698800304101"/><sessioninfo id="a-laptop-4-22a128fc" start="1698800578360" dump="1698800579910"/><sessioninfo id="a-laptop-4-2c3d2eb1" start="1698800580337" dump="1698800581664"/><sessioninfo id="a-laptop-4-4b4ccdec" start="1698800582100" dump="1698800583386"/><sessioninfo id="a-laptop-4-81568c95" start="1698800583932" dump="1698800587340"/><sessioninfo id="a-laptop-4-676f65de" start="1698800587721" dump="1698800591057"/><sessioninfo id="a-laptop-4-d0423e1a" start="1698800591453" dump="1698800592828"/><sessioninfo id="a-laptop-4-80f6f7ca" start="1698800593283" dump="1698800597507"/><sessioninfo id="a-laptop-4-4f2a29a" start="1698812639133" dump="1698812640066"/><sessioninfo id="a-laptop-4-c96f4126" start="1698812640327" dump="1698812641149"/><sessioninfo id="a-laptop-4-6b7155ba" start="1698812641428" dump="1698812642245"/><sessioninfo id="a-laptop-4-b67fc16d" start="1698812642497" dump="1698812644707"/><sessioninfo id="a-laptop-4-a50b3954" start="1698812644994" dump="1698812647042"/><sessioninfo id="a-laptop-4-8838d0cc" start="1698812647329" dump="1698812648247"/><sessioninfo id="a-laptop-4-11e65cbd" start="1698812648515" dump="1698812650658"/><sessioninfo id="a-laptop-4-3d65bc2c" start="1698813251249" dump="1698813252223"/><sessioninfo id="a-laptop-4-328c1ef5" start="1698813252474" dump="1698813253212"/><sessioninfo id="a-laptop-4-c21b33b0" start="1698813253464" dump="1698813254249"/><sessioninfo id="a-laptop-4-604543d0" start="1698813254516" dump="1698813256650"/><sessioninfo id="a-laptop-4-522e8296" start="1698813256917" dump="1698813259020"/><sessioninfo id="a-laptop-4-34c4c399" start="1698813259288" dump="1698813260183"/><sessioninfo id="a-laptop-4-2276e4e5" start="1698813260450" dump="1698813262634"/><sessioninfo id="a-laptop-4-7c9268d" start="1698813443537" dump="1698813444443"/><sessioninfo id="a-laptop-4-ec68fc39" start="1698813444742" dump="1698813445495"/><sessioninfo id="a-laptop-4-736a7bd1" start="1698813445858" dump="1698813446642"/><sessioninfo id="a-laptop-4-40d36fca" start="1698813446942" dump="1698813449028"/><sessioninfo id="a-laptop-4-760b542b" start="1698813449295" dump="1698813451383"/><sessioninfo id="a-laptop-4-fab64b7a" start="1698813451651" dump="1698813452594"/><sessioninfo id="a-laptop-4-bfc2c39" start="1698813452861" dump="1698813454916"/><sessioninfo id="a-laptop-4-9b893a17" start="1698813502305" dump="1698813503222"/><sessioninfo id="a-laptop-4-1659f799" start="1698813503482" dump="1698813504232"/><sessioninfo id="a-laptop-4-fba40859" start="1698813504604" dump="1698813505466"/><sessioninfo id="a-laptop-4-8f19723c" start="1698813505703" dump="1698813507847"/><sessioninfo id="a-laptop-4-b2e548fb" start="1698813508170" dump="1698813510206"/><sessioninfo id="a-laptop-4-f4e6796a" start="1698813510580" dump="1698813511497"/><sessioninfo id="a-laptop-4-726853e7" start="1698813511853" dump="1698813514008"/><sessioninfo id="a-laptop-4-f1d4c1b3" start="1698814211935" dump="1698814212892"/><sessioninfo id="a-laptop-4-996f7f69" start="1698814213142" dump="1698814213911"/><sessioninfo id="a-laptop-4-f5d5e85" start="1698814214178" dump="1698814214963"/><sessioninfo id="a-laptop-4-f8aa8a79" start="1698814215231" dump="1698814217432"/><sessioninfo id="a-laptop-4-e7f232f0" start="1698814217695" dump="1698814219736"/><sessioninfo id="a-laptop-4-e2281be5" start="1698814219997" dump="1698814220876"/><sessioninfo id="a-laptop-4-46cacf3" start="1698814221161" dump="1698814223249"/><sessioninfo id="a-laptop-4-7039cf56" start="1698814404841" dump="1698814405736"/><sessioninfo id="a-laptop-4-57558046" start="1698814405972" dump="1698814406725"/><sessioninfo id="a-laptop-4-767cdb02" start="1698814407024" dump="1698814407840"/><sessioninfo id="a-laptop-4-9939345c" start="1698814408138" dump="1698814410226"/><sessioninfo id="a-laptop-4-ec749826" start="1698814410499" dump="1698814412611"/><sessioninfo id="a-laptop-4-b1158229" start="1698814412894" dump="1698814413820"/><sessioninfo id="a-laptop-4-c57890b3" start="1698814414107" dump="1698814416190"/><sessioninfo id="a-laptop-4-2993e3cf" start="1698815446552" dump="1698815447271"/><sessioninfo id="a-laptop-4-7784f066" start="1698815447555" dump="1698815448292"/><sessioninfo id="a-laptop-4-102cf185" start="1698815448623" dump="1698815449481"/><sessioninfo id="a-laptop-4-62f17406" start="1698815449717" dump="1698815450616"/><sessioninfo id="a-laptop-4-3fe98a6d" start="1698815450895" dump="1698815451665"/><sessioninfo id="a-laptop-4-eed53531" start="1698815451919" dump="1698815452626"/><sessioninfo id="a-laptop-4-55e59155" start="1698815452900" dump="1698815453619"/><sessioninfo id="a-laptop-4-3a6db0ea" start="1698815584846" dump="1698815585618"/><sessioninfo id="a-laptop-4-b2bc7bbd" start="1698815585929" dump="1698815586635"/><sessioninfo id="a-laptop-4-54cebd3" start="1698815586949" dump="1698815587723"/><sessioninfo id="a-laptop-4-38517dbd" start="1698815587985" dump="1698815588832"/><sessioninfo id="a-laptop-4-30f99179" start="1698815589068" dump="1698815589805"/><sessioninfo id="a-laptop-4-9d14d563" start="1698815590088" dump="1698815590794"/><sessioninfo id="a-laptop-4-35cda976" start="1698815591061" dump="1698815591783"/><sessioninfo id="a-laptop-4-196731b" start="1698815662414" dump="1698815663283"/><sessioninfo id="a-laptop-4-83e6963d" start="1698815663649" dump="1698815664398"/><sessioninfo id="a-laptop-4-c5d7be6b" start="1698815664716" dump="1698815665530"/><sessioninfo id="a-laptop-4-e45b279e" start="1698815665789" dump="1698815666683"/><sessioninfo id="a-laptop-4-655467aa" start="1698815667041" dump="1698815667765"/><sessioninfo id="a-laptop-4-1cdb4aaf" start="1698815668128" dump="1698815668827"/><sessioninfo id="a-laptop-4-230b7f2" start="1698815669139" dump="1698815669843"/><sessioninfo id="a-laptop-4-47aece38" start="1698815699083" dump="1698815699809"/><sessioninfo id="a-laptop-4-c5fb6798" start="1698815700093" dump="1698815700807"/><sessioninfo id="a-laptop-4-a082375e" start="1698815701078" dump="1698815701845"/><sessioninfo id="a-laptop-4-dc67d76e" start="1698815702124" dump="1698815702923"/><sessioninfo id="a-laptop-4-8662d38b" start="1698815703248" dump="1698815703977"/><sessioninfo id="a-laptop-4-77472a0" start="1698815704259" dump="1698815705013"/><sessioninfo id="a-laptop-4-53fdbc99" start="1698815705279" dump="1698815706041"/><sessioninfo id="a-laptop-4-5016e2ea" start="1698815821200" dump="1698815822225"/><sessioninfo id="a-laptop-4-f77d6ab2" start="1698815822520" dump="1698815823332"/><sessioninfo id="a-laptop-4-7f839eb0" start="1698815823569" dump="1698815824428"/><sessioninfo id="a-laptop-4-8e21aee4" start="1698815824669" dump="1698815826941"/><sessioninfo id="a-laptop-4-b20ebb59" start="1698815827194" dump="1698815829458"/><sessioninfo id="a-laptop-4-ffc005ca" start="1698815829715" dump="1698815830649"/><sessioninfo id="a-laptop-4-1d7d2008" start="1698815830889" dump="1698815833118"/><sessioninfo id="a-laptop-4-35ef4881" start="1698816111206" dump="1698816112116"/><sessioninfo id="a-laptop-4-f4677374" start="1698816112399" dump="1698816113173"/><sessioninfo id="a-laptop-4-a4e545b0" start="1698816113419" dump="1698816114191"/><sessioninfo id="a-laptop-4-3bd9d978" start="1698816114537" dump="1698816116656"/><sessioninfo id="a-laptop-4-6e47ee83" start="1698816117017" dump="1698816119056"/><sessioninfo id="a-laptop-4-1f3efcd6" start="1698816119417" dump="1698816120374"/><sessioninfo id="a-laptop-4-2d341153" start="1698816120735" dump="1698816122853"/><sessioninfo id="a-laptop-4-d784b5cf" start="1698816256769" dump="1698816257711"/><sessioninfo id="a-laptop-4-8574528f" start="1698816258029" dump="1698816258765"/><sessioninfo id="a-laptop-4-b831a04a" start="1698816259049" dump="1698816259913"/><sessioninfo id="a-laptop-4-7fb1c7c0" start="1698816260165" dump="1698816262316"/><sessioninfo id="a-laptop-4-6a97b6d" start="1698816262599" dump="1698816264721"/><sessioninfo id="a-laptop-4-f08b9ffd" start="1698816264987" dump="1698816265929"/><sessioninfo id="a-laptop-4-b8350780" start="1698816266195" dump="1698816268285"/><sessioninfo id="a-laptop-4-53f34ce" start="1698816487733" dump="1698816488704"/><sessioninfo id="a-laptop-4-8dd76df4" start="1698816488957" dump="1698816489727"/><sessioninfo id="a-laptop-4-b88b5f41" start="1698816490040" dump="1698816490841"/><sessioninfo id="a-laptop-4-214f95e2" start="1698816491155" dump="1698816493242"/><sessioninfo id="a-laptop-4-ab4de4af" start="1698816493524" dump="1698816495552"/><sessioninfo id="a-laptop-4-bd76f4b0" start="1698816495819" dump="1698816496761"/><sessioninfo id="a-laptop-4-a5ec925c" start="1698816497043" dump="1698816499114"/><sessioninfo id="a-laptop-4-9e0a215c" start="1698817264469" dump="1698817265365"/><sessioninfo id="a-laptop-4-eaa36709" start="1698817265695" dump="1698817266498"/><sessioninfo id="a-laptop-4-c0d048e7" start="1698817266782" dump="1698817267583"/><sessioninfo id="a-laptop-4-4396e38a" start="1698817267916" dump="1698817270038"/><sessioninfo id="a-laptop-4-8c9f4dea" start="1698817270337" dump="1698817272379"/><sessioninfo id="a-laptop-4-b3347e0b" start="1698817272679" dump="1698817273573"/><sessioninfo id="a-laptop-4-a294f87" start="1698817273826" dump="1698817275900"/><sessioninfo id="a-laptop-4-4740c27d" start="1698817600839" dump="1698817601812"/><sessioninfo id="a-laptop-4-d3284f39" start="1698817602079" dump="1698817602864"/><sessioninfo id="a-laptop-4-b790f93e" start="1698817603130" dump="1698817603917"/><sessioninfo id="a-laptop-4-72e7190c" start="1698817604166" dump="1698817606379"/><sessioninfo id="a-laptop-4-3cb032c4" start="1698817606677" dump="1698817608795"/><sessioninfo id="a-laptop-4-c35c0a7e" start="1698817609109" dump="1698817609988"/><sessioninfo id="a-laptop-4-b9c19bc" start="1698817610271" dump="1698817612355"/><sessioninfo id="a-laptop-4-7875bb5c" start="1698818143849" dump="1698818144835"/><sessioninfo id="a-laptop-4-82f63c68" start="1698818145088" dump="1698818145896"/><sessioninfo id="a-laptop-4-f6692af" start="1698818146163" dump="1698818147001"/><sessioninfo id="a-laptop-4-771bfc7e" start="1698818147313" dump="1698818149646"/><sessioninfo id="a-laptop-4-e5d3c73e" start="1698818149946" dump="1698818152145"/><sessioninfo id="a-laptop-4-b0819cda" start="1698818152458" dump="1698818153395"/><sessioninfo id="a-laptop-4-b2a5e3c7" start="1698818153695" dump="1698818155856"/><sessioninfo id="a-laptop-4-6106a035" start="1698818379091" dump="1698818380039"/><sessioninfo id="a-laptop-4-78ae749a" start="1698818380291" dump="1698818381121"/><sessioninfo id="a-laptop-4-780bc405" start="1698818381390" dump="1698818382260"/><sessioninfo id="a-laptop-4-5ba3ddb5" start="1698818382554" dump="1698818384866"/><sessioninfo id="a-laptop-4-2f95e08f" start="1698818385200" dump="1698818387479"/><sessioninfo id="a-laptop-4-1a9cccac" start="1698818387757" dump="1698818388693"/><sessioninfo id="a-laptop-4-8b4a1063" start="1698818388948" dump="1698818391090"/><sessioninfo id="a-laptop-4-d122c6d2" start="1698820733677" dump="1698820734608"/><sessioninfo id="a-laptop-4-69e8d81a" start="1698820734870" dump="1698820735658"/><sessioninfo id="a-laptop-4-e09b3ac0" start="1698820735957" dump="1698820736810"/><sessioninfo id="a-laptop-4-bcec60b0" start="1698820737168" dump="1698820739381"/><sessioninfo id="a-laptop-4-91fcbe78" start="1698820739663" dump="1698820741844"/><sessioninfo id="a-laptop-4-cf65ae22" start="1698820742127" dump="1698820743100"/><sessioninfo id="a-laptop-4-a0bf407f" start="1698820743446" dump="1698820745502"/><sessioninfo id="a-laptop-4-d8d34d2" start="1698820956979" dump="1698820957906"/><sessioninfo id="a-laptop-4-3511be4d" start="1698820958205" dump="1698820959023"/><sessioninfo id="a-laptop-4-9a4d1e56" start="1698820959386" dump="1698820960221"/><sessioninfo id="a-laptop-4-e200555e" start="1698820960520" dump="1698820962689"/><sessioninfo id="a-laptop-4-5bd14fee" start="1698820962983" dump="1698820965123"/><sessioninfo id="a-laptop-4-37caee94" start="1698820965422" dump="1698820966306"/><sessioninfo id="a-laptop-4-9ad1be6a" start="1698820966604" dump="1698820968729"/><sessioninfo id="a-laptop-4-17defc4d" start="1698821215084" dump="1698821216043"/><sessioninfo id="a-laptop-4-805022cc" start="1698821216326" dump="1698821217113"/><sessioninfo id="a-laptop-4-fa715425" start="1698821217396" dump="1698821218225"/><sessioninfo id="a-laptop-4-2cadb215" start="1698821218558" dump="1698821220743"/><sessioninfo id="a-laptop-4-5ddf231f" start="1698821221058" dump="1698821223149"/><sessioninfo id="a-laptop-4-77b2faf2" start="1698821223447" dump="1698821224374"/><sessioninfo id="a-laptop-4-fa4f0705" start="1698821224657" dump="1698821226749"/><sessioninfo id="a-laptop-4-92ad9e58" start="1698821779066" dump="1698821780028"/><sessioninfo id="a-laptop-4-dec2c23d" start="1698821780314" dump="1698821781109"/><sessioninfo id="a-laptop-4-844b3f9" start="1698821781423" dump="1698821782274"/><sessioninfo id="a-laptop-4-49846891" start="1698821782604" dump="1698821784852"/><sessioninfo id="a-laptop-4-77ae85ef" start="1698821785296" dump="1698821787564"/><sessioninfo id="a-laptop-4-98ede60b" start="1698821787949" dump="1698821789034"/><sessioninfo id="a-laptop-4-dada4dc0" start="1698821789535" dump="1698821792264"/><package name="com/se300/ledger"><class name="com/se300/ledger/LedgerException" sourcefilename="LedgerException.java"><method name="&lt;init&gt;" desc="(Ljava/lang/String;Ljava/lang/String;)V" line="20"><counter type="INSTRUCTION" missed="0" covered="9"/><counter type="LINE" missed="0" covered="4"/><counter type="COMPLEXITY" missed="0" covered="1"/><counter type="METHOD" missed="0" covered="1"/></method><method name="getAction" desc="()Ljava/lang/String;" line="30"><counter type="INSTRUCTION" missed="0" covered="3"/><counter type="LINE" missed="0" covered="1"/><counter type="COMPLEXITY" missed="0" covered="1"/><counter type="METHOD" missed="0" covered="1"/></method><method name="setAction" desc="(Ljava/lang/String;)V" line="38"><counter type="INSTRUCTION" missed="0" covered="4"/><counter type="LINE" missed="0" covered="2"/><counter type="COMPLEXITY" missed="0" covered="1"/><counter type="METHOD" missed="0" covered="1"/></method><method name="getReason" desc="()Ljava/lang/String;" line="46"><counter type="INSTRUCTION" missed="0" covered="3"/><counter type="LINE" missed="0" covered="1"/><counter type="COMPLEXITY" missed="0" covered="1"/><counter type="METHOD" missed="0" covered="1"/></method><method name="setReason" desc="(Ljava/lang/String;)V" line="54"><counter type="INSTRUCTION" missed="0" covered="4"/><counter type="LINE" missed="0" covered="2"/><counter type="COMPLEXITY" missed="0" covered="1"/><counter type="METHOD" missed="0" covered="1"/></method><counter type="INSTRUCTION" missed="0" covered="23"/><counter type="LINE" missed="0" covered="10"/><counter type="COMPLEXITY" missed="0" covered="5"/><counter type="METHOD" missed="0" covered="5"/><counter type="CLASS" missed="0" covered="1"/></class><class name="com/se300/ledger/Account" sourcefilename="Account.java"><method name="&lt;init&gt;" desc="(Ljava/lang/String;Ljava/lang/Integer;)V" line="25"><counter type="INSTRUCTION" missed="0" covered="9"/><counter type="LINE" missed="0" covered="4"/><counter type="COMPLEXITY" missed="0" covered="1"/><counter type="METHOD" missed="0" covered="1"/></method><method name="getAddress" desc="()Ljava/lang/String;" line="36"><counter type="INSTRUCTION" missed="0" covered="3"/><counter type="LINE" missed="0" covered="1"/><counter type="COMPLEXITY" missed="0" covered="1"/><counter type="METHOD" missed="0" covered="1"/></method><method name="setAddress" desc="(Ljava/lang/String;)V" line="45"><counter type="INSTRUCTION" missed="0" covered="4"/><counter type="LINE" missed="0" covered="2"/><counter type="COMPLEXITY" missed="0" covered="1"/><counter type="METHOD" missed="0" covered="1"/></method><method name="getBalance" desc="()I" line="54"><counter type="INSTRUCTION" missed="0" covered="4"/><counter type="LINE" missed="0" covered="1"/><counter type="COMPLEXITY" missed="0" covered="1"/><counter type="METHOD" missed="0" covered="1"/></method><method name="setBalance" desc="(Ljava/lang/Integer;)V" line="63"><counter type="INSTRUCTION" missed="0" covered="4"/><counter type="LINE" missed="0" covered="2"/><counter type="COMPLEXITY" missed="0" covered="1"/><counter type="METHOD" missed="0" covered="1"/></method><method name="clone" desc="()Ljava/lang/Object;" line="72"><counter type="INSTRUCTION" missed="0" covered="8"/><counter type="LINE" missed="0" covered="1"/><counter type="COMPLEXITY" missed="0" covered="1"/><counter type="METHOD" missed="0" covered="1"/></method><counter type="INSTRUCTION" missed="0" covered="32"/><counter type="LINE" missed="0" covered="11"/><counter type="COMPLEXITY" missed="0" covered="6"/><counter type="METHOD" missed="0" covered="6"/><counter type="CLASS" missed="0" covered="1"/></class><class name="com/se300/ledger/Transaction" sourcefilename="Transaction.java"><method name="&lt;init&gt;" desc="(Ljava/lang/String;Ljava/lang/Integer;Ljava/lang/Integer;Ljava/lang/String;Lcom/se300/ledger/Account;Lcom/se300/ledger/Account;)V" line="28"><counter type="INSTRUCTION" missed="0" covered="21"/><counter type="LINE" missed="0" covered="8"/><counter type="COMPLEXITY" missed="0" covered="1"/><counter type="METHOD" missed="0" covered="1"/></method><method name="getTransactionId" desc="()Ljava/lang/String;" line="42"><counter type="INSTRUCTION" missed="0" covered="3"/><counter type="LINE" missed="0" covered="1"/><counter type="COMPLEXITY" missed="0" covered="1"/><counter type="METHOD" missed="0" covered="1"/></method><method name="setTransactionId" desc="(Ljava/lang/String;)V" line="50"><counter type="INSTRUCTION" missed="0" covered="4"/><counter type="LINE" missed="0" covered="2"/><counter type="COMPLEXITY" missed="0" covered="1"/><counter type="METHOD" missed="0" covered="1"/></method><method name="getAmount" desc="()Ljava/lang/Integer;" line="58"><counter type="INSTRUCTION" missed="0" covered="3"/><counter type="LINE" missed="0" covered="1"/><counter type="COMPLEXITY" missed="0" covered="1"/><counter type="METHOD" missed="0" covered="1"/></method><method name="setAmount" desc="(Ljava/lang/Integer;)V" line="66"><counter type="INSTRUCTION" missed="0" covered="4"/><counter type="LINE" missed="0" covered="2"/><counter type="COMPLEXITY" missed="0" covered="1"/><counter type="METHOD" missed="0" covered="1"/></method><method name="getFee" desc="()Ljava/lang/Integer;" line="74"><counter type="INSTRUCTION" missed="0" covered="3"/><counter type="LINE" missed="0" covered="1"/><counter type="COMPLEXITY" missed="0" covered="1"/><counter type="METHOD" missed="0" covered="1"/></method><method name="setFee" desc="(Ljava/lang/Integer;)V" line="82"><counter type="INSTRUCTION" missed="0" covered="4"/><counter type="LINE" missed="0" covered="2"/><counter type="COMPLEXITY" missed="0" covered="1"/><counter type="METHOD" missed="0" covered="1"/></method><method name="getNote" desc="()Ljava/lang/String;" line="90"><counter type="INSTRUCTION" missed="0" covered="3"/><counter type="LINE" missed="0" covered="1"/><counter type="COMPLEXITY" missed="0" covered="1"/><counter type="METHOD" missed="0" covered="1"/></method><method name="setNote" desc="(Ljava/lang/String;)V" line="98"><counter type="INSTRUCTION" missed="0" covered="4"/><counter type="LINE" missed="0" covered="2"/><counter type="COMPLEXITY" missed="0" covered="1"/><counter type="METHOD" missed="0" covered="1"/></method><method name="getPayer" desc="()Lcom/se300/ledger/Account;" line="106"><counter type="INSTRUCTION" missed="0" covered="3"/><counter type="LINE" missed="0" covered="1"/><counter type="COMPLEXITY" missed="0" covered="1"/><counter type="METHOD" missed="0" covered="1"/></method><method name="setPayer" desc="(Lcom/se300/ledger/Account;)V" line="114"><counter type="INSTRUCTION" missed="0" covered="4"/><counter type="LINE" missed="0" covered="2"/><counter type="COMPLEXITY" missed="0" covered="1"/><counter type="METHOD" missed="0" covered="1"/></method><method name="getReceiver" desc="()Lcom/se300/ledger/Account;" line="122"><counter type="INSTRUCTION" missed="0" covered="3"/><counter type="LINE" missed="0" covered="1"/><counter type="COMPLEXITY" missed="0" covered="1"/><counter type="METHOD" missed="0" covered="1"/></method><method name="setReceiver" desc="(Lcom/se300/ledger/Account;)V" line="130"><counter type="INSTRUCTION" missed="0" covered="4"/><counter type="LINE" missed="0" covered="2"/><counter type="COMPLEXITY" missed="0" covered="1"/><counter type="METHOD" missed="0" covered="1"/></method><method name="toString" desc="()Ljava/lang/String;" line="139"><counter type="INSTRUCTION" missed="0" covered="18"/><counter type="LINE" missed="0" covered="6"/><counter type="COMPLEXITY" missed="0" covered="1"/><counter type="METHOD" missed="0" covered="1"/></method><counter type="INSTRUCTION" missed="0" covered="81"/><counter type="LINE" missed="0" covered="32"/><counter type="COMPLEXITY" missed="0" covered="14"/><counter type="METHOD" missed="0" covered="14"/><counter type="CLASS" missed="0" covered="1"/></class><class name="com/se300/ledger/Block" sourcefilename="Block.java"><method name="&lt;init&gt;" desc="(ILjava/lang/String;)V" line="20"><counter type="INSTRUCTION" missed="0" covered="20"/><counter type="LINE" missed="0" covered="6"/><counter type="COMPLEXITY" missed="0" covered="1"/><counter type="METHOD" missed="0" covered="1"/></method><method name="getBlockNumber" desc="()Ljava/lang/Integer;" line="39"><counter type="INSTRUCTION" missed="0" covered="3"/><counter type="LINE" missed="0" covered="1"/><counter type="COMPLEXITY" missed="0" covered="1"/><counter type="METHOD" missed="0" covered="1"/></method><method name="setBlockNumber" desc="(Ljava/lang/Integer;)V" line="47"><counter type="INSTRUCTION" missed="0" covered="4"/><counter type="LINE" missed="0" covered="2"/><counter type="COMPLEXITY" missed="0" covered="1"/><counter type="METHOD" missed="0" covered="1"/></method><method name="getPreviousHash" desc="()Ljava/lang/String;" line="55"><counter type="INSTRUCTION" missed="0" covered="3"/><counter type="LINE" missed="0" covered="1"/><counter type="COMPLEXITY" missed="0" covered="1"/><counter type="METHOD" missed="0" covered="1"/></method><method name="setPreviousHash" desc="(Ljava/lang/String;)V" line="63"><counter type="INSTRUCTION" missed="0" covered="4"/><counter type="LINE" missed="0" covered="2"/><counter type="COMPLEXITY" missed="0" covered="1"/><counter type="METHOD" missed="0" covered="1"/></method><method name="getHash" desc="()Ljava/lang/String;" line="71"><counter type="INSTRUCTION" missed="0" covered="3"/><counter type="LINE" missed="0" covered="1"/><counter type="COMPLEXITY" missed="0" covered="1"/><counter type="METHOD" missed="0" covered="1"/></method><method name="setHash" desc="(Ljava/lang/String;)V" line="79"><counter type="INSTRUCTION" missed="0" covered="4"/><counter type="LINE" missed="0" covered="2"/><counter type="COMPLEXITY" missed="0" covered="1"/><counter type="METHOD" missed="0" covered="1"/></method><method name="getAccountBalanceMap" desc="()Ljava/util/Map;" line="87"><counter type="INSTRUCTION" missed="0" covered="3"/><counter type="LINE" missed="0" covered="1"/><counter type="COMPLEXITY" missed="0" covered="1"/><counter type="METHOD" missed="0" covered="1"/></method><method name="getTransactionList" desc="()Ljava/util/List;" line="95"><counter type="INSTRUCTION" missed="0" covered="3"/><counter type="LINE" missed="0" covered="1"/><counter type="COMPLEXITY" missed="0" covered="1"/><counter type="METHOD" missed="0" covered="1"/></method><method name="addAccount" desc="(Ljava/lang/String;Lcom/se300/ledger/Account;)V" line="104"><counter type="INSTRUCTION" missed="0" covered="7"/><counter type="LINE" missed="0" covered="2"/><counter type="COMPLEXITY" missed="0" covered="1"/><counter type="METHOD" missed="0" covered="1"/></method><method name="getAccount" desc="(Ljava/lang/String;)Lcom/se300/ledger/Account;" line="113"><counter type="INSTRUCTION" missed="0" covered="6"/><counter type="LINE" missed="0" covered="1"/><counter type="COMPLEXITY" missed="0" covered="1"/><counter type="METHOD" missed="0" covered="1"/></method><method name="getPreviousBlock" desc="()Lcom/se300/ledger/Block;" line="121"><counter type="INSTRUCTION" missed="0" covered="3"/><counter type="LINE" missed="0" covered="1"/><counter type="COMPLEXITY" missed="0" covered="1"/><counter type="METHOD" missed="0" covered="1"/></method><method name="setPreviousBlock" desc="(Lcom/se300/ledger/Block;)V" line="129"><counter type="INSTRUCTION" missed="0" covered="4"/><counter type="LINE" missed="0" covered="2"/><counter type="COMPLEXITY" missed="0" covered="1"/><counter type="METHOD" missed="0" covered="1"/></method><counter type="INSTRUCTION" missed="0" covered="67"/><counter type="LINE" missed="0" covered="23"/><counter type="COMPLEXITY" missed="0" covered="13"/><counter type="METHOD" missed="0" covered="13"/><counter type="CLASS" missed="0" covered="1"/></class><class name="com/se300/ledger/Ledger" sourcefilename="Ledger.java"><method name="&lt;clinit&gt;" desc="()V" line="26"><counter type="INSTRUCTION" missed="0" covered="20"/><counter type="LINE" missed="0" covered="4"/><counter type="COMPLEXITY" missed="0" covered="1"/><counter type="METHOD" missed="0" covered="1"/></method><method name="getInstance" desc="(Ljava/lang/String;Ljava/lang/String;Ljava/lang/String;)Lcom/se300/ledger/Ledger;" line="39"><counter type="INSTRUCTION" missed="0" covered="11"/><counter type="BRANCH" missed="0" covered="2"/><counter type="LINE" missed="0" covered="3"/><counter type="COMPLEXITY" missed="0" covered="2"/><counter type="METHOD" missed="0" covered="1"/></method><method name="&lt;init&gt;" desc="(Ljava/lang/String;Ljava/lang/String;Ljava/lang/String;)V" line="51"><counter type="INSTRUCTION" missed="0" covered="12"/><counter type="LINE" missed="0" covered="5"/><counter type="COMPLEXITY" missed="0" covered="1"/><counter type="METHOD" missed="0" covered="1"/></method><method name="getName" desc="()Ljava/lang/String;" line="62"><counter type="INSTRUCTION" missed="0" covered="3"/><counter type="LINE" missed="0" covered="1"/><counter type="COMPLEXITY" missed="0" covered="1"/><counter type="METHOD" missed="0" covered="1"/></method><method name="setName" desc="(Ljava/lang/String;)V" line="70"><counter type="INSTRUCTION" missed="0" covered="4"/><counter type="LINE" missed="0" covered="2"/><counter type="COMPLEXITY" missed="0" covered="1"/><counter type="METHOD" missed="0" covered="1"/></method><method name="getDescription" desc="()Ljava/lang/String;" line="78"><counter type="INSTRUCTION" missed="0" covered="3"/><counter type="LINE" missed="0" covered="1"/><counter type="COMPLEXITY" missed="0" covered="1"/><counter type="METHOD" missed="0" covered="1"/></method><method name="setDescription" desc="(Ljava/lang/String;)V" line="86"><counter type="INSTRUCTION" missed="0" covered="4"/><counter type="LINE" missed="0" covered="2"/><counter type="COMPLEXITY" missed="0" covered="1"/><counter type="METHOD" missed="0" covered="1"/></method><method name="getSeed" desc="()Ljava/lang/String;" line="94"><counter type="INSTRUCTION" missed="0" covered="3"/><counter type="LINE" missed="0" covered="1"/><counter type="COMPLEXITY" missed="0" covered="1"/><counter type="METHOD" missed="0" covered="1"/></method><method name="setSeed" desc="(Ljava/lang/String;)V" line="102"><counter type="INSTRUCTION" missed="0" covered="4"/><counter type="LINE" missed="0" covered="2"/><counter type="COMPLEXITY" missed="0" covered="1"/><counter type="METHOD" missed="0" covered="1"/></method><method name="createAccount" desc="(Ljava/lang/String;)Lcom/se300/ledger/Account;" line="112"><counter type="INSTRUCTION" missed="0" covered="23"/><counter type="BRANCH" missed="0" covered="2"/><counter type="LINE" missed="0" covered="5"/><counter type="COMPLEXITY" missed="0" covered="2"/><counter type="METHOD" missed="0" covered="1"/></method><method name="processTransaction" desc="(Lcom/se300/ledger/Transaction;)Ljava/lang/String;" line="130"><counter type="INSTRUCTION" missed="0" covered="197"/><counter type="BRANCH" missed="1" covered="17"/><counter type="LINE" missed="0" covered="35"/><counter type="COMPLEXITY" missed="1" covered="9"/><counter type="METHOD" missed="0" covered="1"/></method><method name="getAccountBalance" desc="(Ljava/lang/String;)Ljava/lang/Integer;" line="206"><counter type="INSTRUCTION" missed="6" covered="24"/><counter type="BRANCH" missed="1" covered="3"/><counter type="LINE" missed="1" covered="6"/><counter type="COMPLEXITY" missed="1" covered="2"/><counter type="METHOD" missed="0" covered="1"/></method><method name="getAccountBalances" desc="()Ljava/util/Map;" line="229"><counter type="INSTRUCTION" missed="0" covered="44"/><counter type="BRANCH" missed="0" covered="4"/><counter type="LINE" missed="0" covered="9"/><counter type="COMPLEXITY" missed="0" covered="3"/><counter type="METHOD" missed="0" covered="1"/></method><method name="getBlock" desc="(Ljava/lang/Integer;)Lcom/se300/ledger/Block;" line="251"><counter type="INSTRUCTION" missed="6" covered="9"/><counter type="BRANCH" missed="1" covered="1"/><counter type="LINE" missed="1" covered="3"/><counter type="COMPLEXITY" missed="1" covered="1"/><counter type="METHOD" missed="0" covered="1"/></method><method name="getTransaction" desc="(Ljava/lang/String;)Lcom/se300/ledger/Transaction;" line="265"><counter type="INSTRUCTION" missed="0" covered="56"/><counter type="BRANCH" missed="0" covered="10"/><counter type="LINE" missed="0" covered="9"/><counter type="COMPLEXITY" missed="0" covered="6"/><counter type="METHOD" missed="0" covered="1"/></method><method name="getNumberOfBlocks" desc="()I" line="289"><counter type="INSTRUCTION" missed="3" covered="0"/><counter type="LINE" missed="1" covered="0"/><counter type="COMPLEXITY" missed="1" covered="0"/><counter type="METHOD" missed="1" covered="0"/></method><method name="validate" desc="()V" line="300"><counter type="INSTRUCTION" missed="24" covered="94"/><counter type="BRANCH" missed="3" covered="11"/><counter type="LINE" missed="5" covered="17"/><counter type="COMPLEXITY" missed="3" covered="5"/><counter type="METHOD" missed="0" covered="1"/></method><method name="getUncommittedBlock" desc="()Lcom/se300/ledger/Block;" line="346"><counter type="INSTRUCTION" missed="0" covered="2"/><counter type="LINE" missed="0" covered="1"/><counter type="COMPLEXITY" missed="0" covered="1"/><counter type="METHOD" missed="0" covered="1"/></method><counter type="INSTRUCTION" missed="39" covered="513"/><counter type="BRANCH" missed="6" covered="50"/><counter type="LINE" missed="8" covered="106"/><counter type="COMPLEXITY" missed="7" covered="39"/><counter type="METHOD" missed="1" covered="17"/><counter type="CLASS" missed="0" covered="1"/></class><class name="com/se300/ledger/MerkleTrees" sourcefilename="MerkleTrees.java"><method name="&lt;init&gt;" desc="(Ljava/util/List;)V" line="22"><counter type="INSTRUCTION" missed="0" covered="9"/><counter type="LINE" missed="0" covered="4"/><counter type="COMPLEXITY" missed="0" covered="1"/><counter type="METHOD" missed="0" covered="1"/></method><method name="merkle_tree" desc="()V" line="28"><counter type="INSTRUCTION" missed="0" covered="41"/><counter type="BRANCH" missed="0" covered="4"/><counter type="LINE" missed="0" covered="8"/><counter type="COMPLEXITY" missed="0" covered="3"/><counter type="METHOD" missed="0" covered="1"/></method><method name="getNewTxList" desc="(Ljava/util/List;)Ljava/util/List;" line="44"><counter type="INSTRUCTION" missed="0" covered="41"/><counter type="BRANCH" missed="0" covered="4"/><counter type="LINE" missed="0" covered="13"/><counter type="COMPLEXITY" missed="0" covered="3"/><counter type="METHOD" missed="0" covered="1"/></method><method name="getSHA2HexValue" desc="(Ljava/lang/String;)Ljava/lang/String;" line="76"><counter type="INSTRUCTION" missed="0" covered="56"/><counter type="BRANCH" missed="0" covered="2"/><counter type="LINE" missed="0" covered="10"/><counter type="COMPLEXITY" missed="0" covered="2"/><counter type="METHOD" missed="0" covered="1"/></method><method name="getRoot" desc="()Ljava/lang/String;" line="97"><counter type="INSTRUCTION" missed="0" covered="3"/><counter type="LINE" missed="0" covered="1"/><counter type="COMPLEXITY" missed="0" covered="1"/><counter type="METHOD" missed="0" covered="1"/></method><counter type="INSTRUCTION" missed="0" covered="150"/><counter type="BRANCH" missed="0" covered="10"/><counter type="LINE" missed="0" covered="36"/><counter type="COMPLEXITY" missed="0" covered="10"/><counter type="METHOD" missed="0" covered="5"/><counter type="CLASS" missed="0" covered="1"/></class><sourcefile name="Ledger.java"><line nr="26" mi="0" ci="4" mb="0" cb="0"/><line nr="27" mi="0" ci="6" mb="0" cb="0"/><line nr="28" mi="0" ci="9" mb="0" cb="0"/><line nr="29" mi="0" ci="1" mb="0" cb="0"/><line nr="39" mi="0" ci="2" mb="0" cb="2"/><line nr="40" mi="0" ci="7" mb="0" cb="0"/><line nr="42" mi="0" ci="2" mb="0" cb="0"/><line nr="51" mi="0" ci="2" mb="0" cb="0"/><line nr="52" mi="0" ci="3" mb="0" cb="0"/><line nr="53" mi="0" ci="3" mb="0" cb="0"/><line nr="54" mi="0" ci="3" mb="0" cb="0"/><line nr="55" mi="0" ci="1" mb="0" cb="0"/><line nr="62" mi="0" ci="3" mb="0" cb="0"/><line nr="70" mi="0" ci="3" mb="0" cb="0"/><line nr="71" mi="0" ci="1" mb="0" cb="0"/><line nr="78" mi="0" ci="3" mb="0" cb="0"/><line nr="86" mi="0" ci="3" mb="0" cb="0"/><line nr="87" mi="0" ci="1" mb="0" cb="0"/><line nr="94" mi="0" ci="3" mb="0" cb="0"/><line nr="102" mi="0" ci="3" mb="0" cb="0"/><line nr="103" mi="0" ci="1" mb="0" cb="0"/><line nr="112" mi="0" ci="4" mb="0" cb="2"/><line nr="113" mi="0" ci="6" mb="0" cb="0"/><line nr="116" mi="0" ci="7" mb="0" cb="0"/><line nr="117" mi="0" ci="4" mb="0" cb="0"/><line nr="118" mi="0" ci="2" mb="0" cb="0"/><line nr="130" mi="0" ci="9" mb="1" cb="3"/><line nr="131" mi="0" ci="6" mb="0" cb="0"/><line nr="132" mi="0" ci="5" mb="0" cb="2"/><line nr="133" mi="0" ci="6" mb="0" cb="0"/><line nr="134" mi="0" ci="5" mb="0" cb="2"/><line nr="135" mi="0" ci="6" mb="0" cb="0"/><line nr="138" mi="0" ci="5" mb="0" cb="2"/><line nr="139" mi="0" ci="6" mb="0" cb="0"/><line nr="142" mi="0" ci="3" mb="0" cb="0"/><line nr="143" mi="0" ci="3" mb="0" cb="0"/><line nr="145" mi="0" ci="11" mb="0" cb="2"/><line nr="146" mi="0" ci="6" mb="0" cb="0"/><line nr="149" mi="0" ci="4" mb="0" cb="0"/><line nr="150" mi="0" ci="9" mb="0" cb="0"/><line nr="152" mi="0" ci="9" mb="0" cb="0"/><line nr="154" mi="0" ci="5" mb="0" cb="0"/><line nr="157" mi="0" ci="5" mb="0" cb="2"/><line nr="159" mi="0" ci="4" mb="0" cb="0"/><line nr="160" mi="0" ci="5" mb="0" cb="0"/><line nr="163" mi="0" ci="12" mb="0" cb="2"/><line nr="164" mi="0" ci="5" mb="0" cb="0"/><line nr="167" mi="0" ci="5" mb="0" cb="0"/><line nr="168" mi="0" ci="2" mb="0" cb="0"/><line nr="169" mi="0" ci="4" mb="0" cb="0"/><line nr="172" mi="0" ci="6" mb="0" cb="0"/><line nr="175" mi="0" ci="5" mb="0" cb="0"/><line nr="176" mi="0" ci="3" mb="0" cb="0"/><line nr="179" mi="0" ci="6" mb="0" cb="0"/><line nr="182" mi="0" ci="9" mb="0" cb="0"/><line nr="183" mi="0" ci="2" mb="0" cb="0"/><line nr="186" mi="0" ci="11" mb="0" cb="2"/><line nr="187" mi="0" ci="4" mb="0" cb="0"/><line nr="188" mi="0" ci="5" mb="0" cb="0"/><line nr="192" mi="0" ci="3" mb="0" cb="0"/><line nr="195" mi="0" ci="3" mb="0" cb="0"/><line nr="206" mi="0" ci="3" mb="0" cb="2"/><line nr="207" mi="0" ci="6" mb="0" cb="0"/><line nr="210" mi="0" ci="5" mb="0" cb="0"/><line nr="211" mi="0" ci="4" mb="0" cb="0"/><line nr="214" mi="0" ci="2" mb="1" cb="1"/><line nr="215" mi="6" ci="0" mb="0" cb="0"/><line nr="219" mi="0" ci="4" mb="0" cb="0"/><line nr="229" mi="0" ci="3" mb="0" cb="2"/><line nr="230" mi="0" ci="2" mb="0" cb="0"/><line nr="232" mi="0" ci="5" mb="0" cb="0"/><line nr="233" mi="0" ci="3" mb="0" cb="0"/><line nr="235" mi="0" ci="4" mb="0" cb="0"/><line nr="236" mi="0" ci="6" mb="0" cb="0"/><line nr="238" mi="0" ci="11" mb="0" cb="2"/><line nr="239" mi="0" ci="8" mb="0" cb="0"/><line nr="242" mi="0" ci="2" mb="0" cb="0"/><line nr="251" mi="0" ci="5" mb="0" cb="0"/><line nr="252" mi="0" ci="2" mb="1" cb="1"/><line nr="253" mi="6" ci="0" mb="0" cb="0"/><line nr="255" mi="0" ci="2" mb="0" cb="0"/><line nr="265" mi="0" ci="12" mb="0" cb="2"/><line nr="268" mi="0" ci="4" mb="0" cb="0"/><line nr="269" mi="0" ci="12" mb="0" cb="2"/><line nr="270" mi="0" ci="5" mb="0" cb="2"/><line nr="271" mi="0" ci="2" mb="0" cb="0"/><line nr="276" mi="0" ci="12" mb="0" cb="2"/><line nr="277" mi="0" ci="5" mb="0" cb="2"/><line nr="278" mi="0" ci="2" mb="0" cb="0"/><line nr="281" mi="0" ci="2" mb="0" cb="0"/><line nr="289" mi="3" ci="0" mb="0" cb="0"/><line nr="300" mi="0" ci="5" mb="0" cb="0"/><line nr="301" mi="0" ci="3" mb="0" cb="0"/><line nr="302" mi="0" ci="6" mb="0" cb="0"/><line nr="304" mi="0" ci="2" mb="0" cb="0"/><line nr="305" mi="0" ci="11" mb="0" cb="2"/><line nr="306" mi="0" ci="5" mb="0" cb="0"/><line nr="309" mi="0" ci="2" mb="0" cb="0"/><line nr="311" mi="0" ci="12" mb="0" cb="2"/><line nr="312" mi="0" ci="5" mb="0" cb="0"/><line nr="315" mi="0" ci="5" mb="0" cb="2"/><line nr="316" mi="0" ci="7" mb="1" cb="1"/><line nr="317" mi="7" ci="0" mb="0" cb="0"/><line nr="318" mi="2" ci="0" mb="0" cb="0"/><line nr="322" mi="0" ci="5" mb="1" cb="1"/><line nr="323" mi="7" ci="0" mb="0" cb="0"/><line nr="324" mi="2" ci="0" mb="0" cb="0"/><line nr="327" mi="0" ci="12" mb="0" cb="2"/><line nr="328" mi="0" ci="6" mb="0" cb="0"/><line nr="332" mi="0" ci="4" mb="0" cb="0"/><line nr="335" mi="0" ci="3" mb="1" cb="1"/><line nr="336" mi="6" ci="0" mb="0" cb="0"/><line nr="339" mi="0" ci="1" mb="0" cb="0"/><line nr="346" mi="0" ci="2" mb="0" cb="0"/><counter type="INSTRUCTION" missed="39" covered="513"/><counter type="BRANCH" missed="6" covered="50"/><counter type="LINE" missed="8" covered="106"/><counter type="COMPLEXITY" missed="7" covered="39"/><counter type="METHOD" missed="1" covered="17"/><counter type="CLASS" missed="0" covered="1"/></sourcefile><sourcefile name="MerkleTrees.java"><line nr="22" mi="0" ci="2" mb="0" cb="0"/><line nr="23" mi="0" ci="3" mb="0" cb="0"/><line nr="24" mi="0" ci="3" mb="0" cb="0"/><line nr="25" mi="0" ci="1" mb="0" cb="0"/><line nr="28" mi="0" ci="4" mb="0" cb="0"/><line nr="30" mi="0" ci="9" mb="0" cb="2"/><line nr="31" mi="0" ci="8" mb="0" cb="0"/><line nr="34" mi="0" ci="4" mb="0" cb="0"/><line nr="35" mi="0" ci="4" mb="0" cb="2"/><line nr="36" mi="0" ci="5" mb="0" cb="0"/><line nr="39" mi="0" ci="6" mb="0" cb="0"/><line nr="40" mi="0" ci="1" mb="0" cb="0"/><line nr="44" mi="0" ci="4" mb="0" cb="0"/><line nr="45" mi="0" ci="2" mb="0" cb="0"/><line nr="46" mi="0" ci="4" mb="0" cb="2"/><line nr="48" mi="0" ci="5" mb="0" cb="0"/><line nr="49" mi="0" ci="1" mb="0" cb="0"/><line nr="52" mi="0" ci="2" mb="0" cb="0"/><line nr="53" mi="0" ci="4" mb="0" cb="2"/><line nr="54" mi="0" ci="5" mb="0" cb="0"/><line nr="58" mi="0" ci="6" mb="0" cb="0"/><line nr="59" mi="0" ci="4" mb="0" cb="0"/><line nr="60" mi="0" ci="1" mb="0" cb="0"/><line nr="62" mi="0" ci="1" mb="0" cb="0"/><line nr="64" mi="0" ci="2" mb="0" cb="0"/><line nr="76" mi="0" ci="3" mb="0" cb="0"/><line nr="77" mi="0" ci="4" mb="0" cb="0"/><line nr="78" mi="0" ci="3" mb="0" cb="0"/><line nr="79" mi="0" ci="8" mb="0" cb="0"/><line nr="80" mi="0" ci="16" mb="0" cb="2"/><line nr="81" mi="0" ci="14" mb="0" cb="0"/><line nr="83" mi="0" ci="3" mb="0" cb="0"/><line nr="84" mi="0" ci="1" mb="0" cb="0"/><line nr="85" mi="0" ci="2" mb="0" cb="0"/><line nr="88" mi="0" ci="2" mb="0" cb="0"/><line nr="97" mi="0" ci="3" mb="0" cb="0"/><counter type="INSTRUCTION" missed="0" covered="150"/><counter type="BRANCH" missed="0" covered="10"/><counter type="LINE" missed="0" covered="36"/><counter type="COMPLEXITY" missed="0" covered="10"/><counter type="METHOD" missed="0" covered="5"/><counter type="CLASS" missed="0" covered="1"/></sourcefile><sourcefile name="Account.java"><line nr="25" mi="0" ci="2" mb="0" cb="0"/><line nr="26" mi="0" ci="3" mb="0" cb="0"/><line nr="27" mi="0" ci="3" mb="0" cb="0"/><line nr="28" mi="0" ci="1" mb="0" cb="0"/><line nr="36" mi="0" ci="3" mb="0" cb="0"/><line nr="45" mi="0" ci="3" mb="0" cb="0"/><line nr="46" mi="0" ci="1" mb="0" cb="0"/><line nr="54" mi="0" ci="4" mb="0" cb="0"/><line nr="63" mi="0" ci="3" mb="0" cb="0"/><line nr="64" mi="0" ci="1" mb="0" cb="0"/><line nr="72" mi="0" ci="8" mb="0" cb="0"/><counter type="INSTRUCTION" missed="0" covered="32"/><counter type="LINE" missed="0" covered="11"/><counter type="COMPLEXITY" missed="0" covered="6"/><counter type="METHOD" missed="0" covered="6"/><counter type="CLASS" missed="0" covered="1"/></sourcefile><sourcefile name="LedgerException.java"><line nr="20" mi="0" ci="2" mb="0" cb="0"/><line nr="21" mi="0" ci="3" mb="0" cb="0"/><line nr="22" mi="0" ci="3" mb="0" cb="0"/><line nr="23" mi="0" ci="1" mb="0" cb="0"/><line nr="30" mi="0" ci="3" mb="0" cb="0"/><line nr="38" mi="0" ci="3" mb="0" cb="0"/><line nr="39" mi="0" ci="1" mb="0" cb="0"/><line nr="46" mi="0" ci="3" mb="0" cb="0"/><line nr="54" mi="0" ci="3" mb="0" cb="0"/><line nr="55" mi="0" ci="1" mb="0" cb="0"/><counter type="INSTRUCTION" missed="0" covered="23"/><counter type="LINE" missed="0" covered="10"/><counter type="COMPLEXITY" missed="0" covered="5"/><counter type="METHOD" missed="0" covered="5"/><counter type="CLASS" missed="0" covered="1"/></sourcefile><sourcefile name="Block.java"><line nr="20" mi="0" ci="5" mb="0" cb="0"/><line nr="21" mi="0" ci="5" mb="0" cb="0"/><line nr="29" mi="0" ci="2" mb="0" cb="0"/><line nr="30" mi="0" ci="4" mb="0" cb="0"/><line nr="31" mi="0" ci="3" mb="0" cb="0"/><line nr="32" mi="0" ci="1" mb="0" cb="0"/><line nr="39" mi="0" ci="3" mb="0" cb="0"/><line nr="47" mi="0" ci="3" mb="0" cb="0"/><line nr="48" mi="0" ci="1" mb="0" cb="0"/><line nr="55" mi="0" ci="3" mb="0" cb="0"/><line nr="63" mi="0" ci="3" mb="0" cb="0"/><line nr="64" mi="0" ci="1" mb="0" cb="0"/><line nr="71" mi="0" ci="3" mb="0" cb="0"/><line nr="79" mi="0" ci="3" mb="0" cb="0"/><line nr="80" mi="0" ci="1" mb="0" cb="0"/><line nr="87" mi="0" ci="3" mb="0" cb="0"/><line nr="95" mi="0" ci="3" mb="0" cb="0"/><line nr="104" mi="0" ci="6" mb="0" cb="0"/><line nr="105" mi="0" ci="1" mb="0" cb="0"/><line nr="113" mi="0" ci="6" mb="0" cb="0"/><line nr="121" mi="0" ci="3" mb="0" cb="0"/><line nr="129" mi="0" ci="3" mb="0" cb="0"/><line nr="130" mi="0" ci="1" mb="0" cb="0"/><counter type="INSTRUCTION" missed="0" covered="67"/><counter type="LINE" missed="0" covered="23"/><counter type="COMPLEXITY" missed="0" covered="13"/><counter type="METHOD" missed="0" covered="13"/><counter type="CLASS" missed="0" covered="1"/></sourcefile><sourcefile name="Transaction.java"><line nr="28" mi="0" ci="2" mb="0" cb="0"/><line nr="29" mi="0" ci="3" mb="0" cb="0"/><line nr="30" mi="0" ci="3" mb="0" cb="0"/><line nr="31" mi="0" ci="3" mb="0" cb="0"/><line nr="32" mi="0" ci="3" mb="0" cb="0"/><line nr="33" mi="0" ci="3" mb="0" cb="0"/><line nr="34" mi="0" ci="3" mb="0" cb="0"/><line nr="35" mi="0" ci="1" mb="0" cb="0"/><line nr="42" mi="0" ci="3" mb="0" cb="0"/><line nr="50" mi="0" ci="3" mb="0" cb="0"/><line nr="51" mi="0" ci="1" mb="0" cb="0"/><line nr="58" mi="0" ci="3" mb="0" cb="0"/><line nr="66" mi="0" ci="3" mb="0" cb="0"/><line nr="67" mi="0" ci="1" mb="0" cb="0"/><line nr="74" mi="0" ci="3" mb="0" cb="0"/><line nr="82" mi="0" ci="3" mb="0" cb="0"/><line nr="83" mi="0" ci="1" mb="0" cb="0"/><line nr="90" mi="0" ci="3" mb="0" cb="0"/><line nr="98" mi="0" ci="3" mb="0" cb="0"/><line nr="99" mi="0" ci="1" mb="0" cb="0"/><line nr="106" mi="0" ci="3" mb="0" cb="0"/><line nr="114" mi="0" ci="3" mb="0" cb="0"/><line nr="115" mi="0" ci="1" mb="0" cb="0"/><line nr="122" mi="0" ci="3" mb="0" cb="0"/><line nr="130" mi="0" ci="3" mb="0" cb="0"/><line nr="131" mi="0" ci="1" mb="0" cb="0"/><line nr="139" mi="0" ci="4" mb="0" cb="0"/><line nr="140" mi="0" ci="3" mb="0" cb="0"/><line nr="141" mi="0" ci="3" mb="0" cb="0"/><line nr="142" mi="0" ci="2" mb="0" cb="0"/><line nr="143" mi="0" ci="3" mb="0" cb="0"/><line nr="144" mi="0" ci="3" mb="0" cb="0"/><counter type="INSTRUCTION" missed="0" covered="81"/><counter type="LINE" missed="0" covered="32"/><counter type="COMPLEXITY" missed="0" covered="14"/><counter type="METHOD" missed="0" covered="14"/><counter type="CLASS" missed="0" covered="1"/></sourcefile><counter type="INSTRUCTION" missed="39" covered="866"/><counter type="BRANCH" missed="6" covered="60"/><counter type="LINE" missed="8" covered="218"/><counter type="COMPLEXITY" missed="7" covered="87"/><counter type="METHOD" missed="1" covered="60"/><counter type="CLASS" missed="0" covered="6"/></package><counter type="INSTRUCTION" missed="39" covered="866"/><counter type="BRANCH" missed="6" covered="60"/><counter type="LINE" missed="8" covered="218"/><counter type="COMPLEXITY" missed="7" covered="87"/><counter type="METHOD" missed="1" covered="60"/><counter type="CLASS" missed="0" covered="6"/></report>